<?xml version="1.0" encoding="UTF-8"?>
<!-- Generated by org.testng.reporters.JUnitReportReporter -->
<testsuite hostname="DESKTOP-5L9D1ND" name="iSimpleMaven.iSimpleMavenTestNg_Positive" tests="7" failures="0" timestamp="6 May 2018 22:47:24 GMT" time="0.007" errors="0">
  <testcase name="SampleTestScript5" time="0.002" classname="iSimpleMaven.iSimpleMavenTestNg_Positive"/>
  <testcase name="SampleTestScript1" time="0.001" classname="iSimpleMaven.iSimpleMavenTestNg_Positive"/>
  <testcase name="SampleTestScript3" time="0.000" classname="iSimpleMaven.iSimpleMavenTestNg_Positive"/>
  <testcase name="SampleTestScript2" time="0.001" classname="iSimpleMaven.iSimpleMavenTestNg_Positive"/>
  <testcase name="SampleTestScript7" time="0.002" classname="iSimpleMaven.iSimpleMavenTestNg_Positive"/>
  <testcase name="SampleTestScript4" time="0.000" classname="iSimpleMaven.iSimpleMavenTestNg_Positive"/>
  <testcase name="SampleTestScript6" time="0.001" classname="iSimpleMaven.iSimpleMavenTestNg_Positive"/>
</testsuite> <!-- iSimpleMaven.iSimpleMavenTestNg_Positive -->
