<?xml version="1.0" encoding="UTF-8"?>
<!-- Generated by org.testng.reporters.JUnitReportReporter -->
<testsuite hostname="DESKTOP-5L9D1ND" name="iSimpleMaven.ParallelExecution" tests="3" failures="0" timestamp="6 May 2018 22:47:24 GMT" time="0.002" errors="0">
  <testcase name="setUp" time="0.000" classname="iSimpleMaven.ParallelExecution"/>
  <testcase name="logoutApplication" time="0.001" classname="iSimpleMaven.ParallelExecution"/>
  <testcase name="loginApplication" time="0.001" classname="iSimpleMaven.ParallelExecution"/>
</testsuite> <!-- iSimpleMaven.ParallelExecution -->
