<?xml version="1.0" encoding="UTF-8"?>
<!-- Generated by org.testng.reporters.JUnitReportReporter -->
<testsuite hostname="DESKTOP-5L9D1ND" name="iSimpleMaven.iAAFirstTestNG" tests="10" failures="0" timestamp="6 May 2018 23:48:19 GMT" time="2.015" errors="0">
  <testcase name="SampleTestScript1" time="0.003" classname="iSimpleMaven.iAAFirstTestNG"/>
  <testcase name="SampleTestScript3" time="0.003" classname="iSimpleMaven.iAAFirstTestNG"/>
  <testcase name="SampleTestScript7" time="0.481" classname="iSimpleMaven.iAAFirstTestNG"/>
  <testcase name="SampleTestScript7" time="0.256" classname="iSimpleMaven.iAAFirstTestNG"/>
  <testcase name="SampleTestScript7" time="0.227" classname="iSimpleMaven.iAAFirstTestNG"/>
  <testcase name="SampleTestScript7" time="0.233" classname="iSimpleMaven.iAAFirstTestNG"/>
  <testcase name="SampleTestScript7" time="0.281" classname="iSimpleMaven.iAAFirstTestNG"/>
  <testcase name="SampleTestScript7" time="0.290" classname="iSimpleMaven.iAAFirstTestNG"/>
  <testcase name="SampleTestScript7" time="0.241" classname="iSimpleMaven.iAAFirstTestNG"/>
  <testcase name="SampleTestScript5" time="0.000" classname="iSimpleMaven.iAAFirstTestNG"/>
</testsuite> <!-- iSimpleMaven.iAAFirstTestNG -->
