<?xml version="1.0" encoding="UTF-8"?>
<!-- Generated by org.testng.reporters.JUnitReportReporter -->
<testsuite hostname="DESKTOP-5L9D1ND" name="iSimpleMaven.RunTestNgCommands" tests="5" failures="0" timestamp="6 May 2018 22:47:24 GMT" time="0.007" errors="0">
  <testcase name="SampleTestScript7" time="0.001" classname="iSimpleMaven.RunTestNgCommands"/>
  <testcase name="SampleDependsOnMethods2" time="0.001" classname="iSimpleMaven.RunTestNgCommands"/>
  <testcase name="SampleTestScript5" time="0.001" classname="iSimpleMaven.RunTestNgCommands"/>
  <testcase name="SampleDependsOnMethods" time="0.000" classname="iSimpleMaven.RunTestNgCommands"/>
  <testcase name="SampleTestScript7" time="0.004" classname="iSimpleMaven.RunTestNgCommands"/>
</testsuite> <!-- iSimpleMaven.RunTestNgCommands -->
